<?xml version="1.0" encoding="UTF-8"?>
<testng-results skipped="0" failed="0" ignored="0" total="4" passed="4">
  <reporter-output>
  </reporter-output>
  <suite name="Suite" duration-ms="41" started-at="2019-10-22T22:59:05 CDT" finished-at="2019-10-22T22:59:05 CDT">
    <groups>
    </groups>
    <test name="Test" duration-ms="41" started-at="2019-10-22T22:59:05 CDT" finished-at="2019-10-22T22:59:05 CDT">
      <class name="qaclickacademy.AppiumTest">
        <test-method status="PASS" signature="IOSApps()[pri:0, instance:qaclickacademy.AppiumTest@490ab905]" name="IOSApps" duration-ms="10" started-at="2019-10-22T22:59:05 CDT" finished-at="2019-10-22T22:59:05 CDT">
          <reporter-output>
          </reporter-output>
        </test-method> <!-- IOSApps -->
        <test-method status="PASS" signature="NativeAppAndroid()[pri:0, instance:qaclickacademy.AppiumTest@490ab905]" name="NativeAppAndroid" duration-ms="0" started-at="2019-10-22T22:59:05 CDT" finished-at="2019-10-22T22:59:05 CDT">
          <reporter-output>
          </reporter-output>
        </test-method> <!-- NativeAppAndroid -->
      </class> <!-- qaclickacademy.AppiumTest -->
      <class name="qaclickacademy.SeleniumTest">
        <test-method status="PASS" signature="elementsUI()[pri:0, instance:qaclickacademy.SeleniumTest@56ac3a89]" name="elementsUI" duration-ms="0" started-at="2019-10-22T22:59:05 CDT" finished-at="2019-10-22T22:59:05 CDT">
          <reporter-output>
          </reporter-output>
        </test-method> <!-- elementsUI -->
        <test-method status="PASS" signature="BrowserAutomation()[pri:0, instance:qaclickacademy.SeleniumTest@56ac3a89]" name="BrowserAutomation" duration-ms="0" started-at="2019-10-22T22:59:05 CDT" finished-at="2019-10-22T22:59:05 CDT">
          <reporter-output>
          </reporter-output>
        </test-method> <!-- BrowserAutomation -->
      </class> <!-- qaclickacademy.SeleniumTest -->
    </test> <!-- Test -->
  </suite> <!-- Suite -->
</testng-results>
